 * Serving Flask app "web_server" (lazy loading)
 * Environment: production
   WARNING: This is a development server. Do not use it in a production deployment.
   Use a production WSGI server instead.
 * Debug mode: off
Traceback (most recent call last):
  File "/data/openpilot/selfdrive/controls/saicmotor/web_server.py", line 79, in <module>
    app.run(host='0.0.0.0', port=8889)
  File "/data/data/com.termux/files/usr/lib/python3.8/site-packages/flask/app.py", line 990, in run
    run_simple(host, port, self, **options)
  File "/data/data/com.termux/files/usr/lib/python3.8/site-packages/werkzeug/serving.py", line 1052, in run_simple
    inner()
  File "/data/data/com.termux/files/usr/lib/python3.8/site-packages/werkzeug/serving.py", line 996, in inner
    srv = make_server(
  File "/data/data/com.termux/files/usr/lib/python3.8/site-packages/werkzeug/serving.py", line 847, in make_server
    return ThreadedWSGIServer(
  File "/data/data/com.termux/files/usr/lib/python3.8/site-packages/werkzeug/serving.py", line 740, in __init__
    HTTPServer.__init__(self, server_address, handler)
  File "/data/data/com.termux/files/usr/lib/python3.8/socketserver.py", line 452, in __init__
    self.server_bind()
  File "/data/data/com.termux/files/usr/lib/python3.8/http/server.py", line 138, in server_bind
    socketserver.TCPServer.server_bind(self)
  File "/data/data/com.termux/files/usr/lib/python3.8/socketserver.py", line 466, in server_bind
    self.socket.bind(self.server_address)
OSError: [Errno 98] Address already in use
