    P_TY_ACC_V_HMIDISSetSpdCmpCnst_sg    
        P_TX_ACC_V_HMIDISSetSpdCmpCnst_sg
    P_TY_ACC_d_HMIDetDistLvl12Cmp_sg    
        P_TX_ACC_v_HMIDetDistLvlCmp_sg
    P_TY_ACC_d_HMIDetDistLvl23Cmp_sg    
    k_TRPLon_TY_t_FTCDsrdDistLv1_sg    
        k_TRPLon_TX_v_FTCDsrdDistBrkPnt_sg
    k_TRPLon_TY_t_FTCdDesDistLv1_sg    
        k_TRPLon_TX_v_FTCdDesSpdNorm_sg
    k_TRPLon_TY_t_FTCDsrdDistLv2_sg    
    k_TRPLon_TY_t_FTCdDesDistLv2_sg    
    k_TRPLon_TY_t_FTCDsrdDistLv3_sg    
    k_TRPLon_TY_t_FTCdDesDistLv3_sg    
P_DFIn_cntr_DelayCntr_d 

P_DFIn_cntr_VIDPEgoSpdAvgFltr_d 

ACC_v_VIDPEgoSpdMax_sg 

ACC_v_VIDPEgoSpdMin_sg 

C_ACC_Gx_HMIActuSpdToIPKSpd_sg 

C_ACC_HMIZero_sg 

C_ACC_SMR_System_step 

C_ADS_A_VehAirArea_sg 

C_ADS_Gx_ActuSpdToIPKSpd_sg 

C_ADS_Gx_AirResistRatio_sg 

C_ADS_Gx_VehRollResistCmp_sg 

C_ADS_M_VehMass_sg 

C_ARB_ro_AirDensity_sg 

C_DFIn_t_AccelDelyFilt_sg 

P_ACC_Gx_HMIDistLvlLgrCmpCoe_sg 

P_ACC_Gx_HMIDistLvlSmlCmpCoe_sg 

P_ACC_Gx_HMIDsrdDistLvl1Mid_sg 

P_ACC_Gx_HMIDsrdDistLvl1Ner_sg 

P_ACC_V_FirstTmActvSpdThrs_sg 

P_ACC_V_HMIMemSpdHiThrs_sg 

P_ACC_V_HMIMemSpdLoThrs_sg 

P_ACC_d_HMIDistLvlLgrCmp_sg 

P_ACC_d_HMIDistLvlSmlCmp_sg 

P_ACC_d_HMIObjDetMovObjDist_sg 

P_ACC_d_HMIObjDetStnObjDist_sg 

P_ACC_perc_HMIGoGasPdlThrs_sg 

P_ACC_perc_MinAccelPdlPos_sg 

P_ACC_perc_SMRAccelPdlOvrrdExit_sg 

P_ACC_t_AccelPdlOverrideExit_sg 

P_ACC_t_BrkOnlyTmThrs_sg 

P_ACC_t_FTCAutoGoTm_sg 

P_ACC_t_HMIObjDetMovObjTmCfm_sg 

P_ACC_t_HMIObjDetStnObjTmCfm_sg 

P_ACC_t_OvrrdExitTm_sg 

P_ACC_v_HMIMaxCrsSpdThrsLatActv_sg 

P_ACC_v_HMIMaxCrsSpdThrs_sg 

P_ACC_v_HMIObjDetMovObjSpd_sg 

P_ACC_v_HMIObjDetStnObjSpd_sg 

P_ACC_v_HMISetSpdHiThrs_sg 

P_ACC_v_HMISetSpdLoThrs_sg 

P_ACC_v_SMRMaxCrsSpdThrs_sg 

P_DFIn_a_EstdLogAccTrtLoThrs_sg 

P_DFIn_perc_AclActuPosOvrdHi_sg 

P_DFIn_perc_AclActuPosOvrdLo_sg 

P_DFIn_t_ABSActv_sg 

P_DFIn_t_ACCSpdDecHldCmdFrq_sg 

P_DFIn_t_ACCSpdDecHldThrs_sg 

P_DFIn_t_ACCSpdIncHldCmdFrq_sg 

P_DFIn_t_ACCSpdIncHldThrs_sg 

P_DFIn_t_ACCToqReqRespNoReqHys_sg 

P_DFIn_t_CCFMAEBActvEver_sg 

P_DFIn_t_ChACCAccReqRespLosArb_sg 

P_DFIn_t_ChACCAccReqRespNoReqHys_sg 

P_DFIn_t_DrvrSbltAtcHys_sg 

P_DFIn_t_ESPActv_sg 

P_DFIn_t_HDCActv_sg 

P_DFIn_t_TCSActv_sg 

P_DFIn_t_VSELongtAccelFilter_sg 

P_DFIn_v_RolBckVehSpdThrs_sg 

k_TRPLon_Gx_DesireDistHiSpd_sg 

k_TRPLon_Gx_DesireDistLowSpd_sg 

k_TRPLon_Gx_PrdctTime_sg 

k_TRPLon_Gx_TrajKtWght_sg 

k_TRPLon_Gx_aStateGain_sg 

k_TRPLon_a_ComfortBrake_sg 

k_TRPLon_cof_Kt_TblData_sg 

k_TRPLon_cof_TrajJerkWght_sg 

k_TRPLon_cof_TrajLimVlatnWght_sg 

k_TRPLon_d_DistMinGapFar_sg 

k_TRPLon_d_DistMinGapMid_sg 

k_TRPLon_d_DistMinGapNear_sg 

k_TRPLon_t_DistNrmRePlanTm_sg 

k_TRPLon_t_RelDistPrdctTmVx_sg 

k_TRP_t_NrmRplnTm_sg 

P_ACC_cntr_HMISETBtnDecFunc_u16 

P_DFIn_n_EngRunActvMaxSpd_u16 

P_DFIn_n_EngRunActvSpd_u16 

C_ACC_HMISwitch_Off_bl 

C_ACC_HMISwitch_On_bl 

C_ACC_HMIZero_bl 

P_ACC_is_CCFM_ABSActvEnIN_bl 

P_ACC_is_CCFM_ABSActvIN_bl 

P_ACC_is_CCFM_ACCCanclIN_bl 

P_ACC_is_CCFM_ACCReqFltIN_bl 

P_ACC_is_CCFM_ACCReqIN_bl 

P_ACC_is_CCFM_ACCTgtLosIN_bl 

P_ACC_is_CCFM_AEBPActvIN_bl 

P_ACC_is_CCFM_AEBVActvExitIN_bl 

P_ACC_is_CCFM_AEBVActvIN_bl 

P_ACC_is_CCFM_APAActvIN_bl 

P_ACC_is_CCFM_AccRepLArbEnIN_bl 

P_ACC_is_CCFM_AccRepPCndEnIN_bl 

P_ACC_is_CCFM_AccRespErrIN_bl 

P_ACC_is_CCFM_AccRespLArbIN_bl 

P_ACC_is_CCFM_AccRespNReqIN_bl 

P_ACC_is_CCFM_AccRespPCndIN_bl 

P_ACC_is_CCFM_AirbagStsIN_bl 

P_ACC_is_CCFM_BntStsIN_bl 

P_ACC_is_CCFM_BrkDicTemHIN_bl 

P_ACC_is_CCFM_BrkPdlBkOyIN_bl 

P_ACC_is_CCFM_CCSDataIngIN_bl 

P_ACC_is_CCFM_DrvDoorIN_bl 

P_ACC_is_CCFM_DrvngMdNoSuptIN_bl 

P_ACC_is_CCFM_DspdSpdIN_bl 

P_ACC_is_CCFM_EPBAppIN_bl 

P_ACC_is_CCFM_EPBCCCanclIN_bl 

P_ACC_is_CCFM_EPBStsUnkwIN_bl 

P_ACC_is_CCFM_EmsnRltdIN_bl 

P_ACC_is_CCFM_EnNoActvIN_bl 

P_ACC_is_CCFM_FVCMBlkIN_bl 

P_ACC_is_CCFM_FaultBitIhbtIN_bl 

P_ACC_is_CCFM_FrDoorIN_bl 

P_ACC_is_CCFM_HDCActvEnIN_bl 

P_ACC_is_CCFM_HDCActvIN_bl 

P_ACC_is_CCFM_ISOCStfdIN_bl 

P_ACC_is_CCFM_LdSpcStsIN_bl 

P_ACC_is_CCFM_MSRActvEnIN_bl 

P_ACC_is_CCFM_MSRActvIN_bl 

P_ACC_is_CCFM_NRCDActvIN_bl 

P_ACC_is_CCFM_NonEmsnRltdIN_bl 

P_ACC_is_CCFM_OvrrdReqIN_bl 

P_ACC_is_CCFM_RLDoorIN_bl 

P_ACC_is_CCFM_RRDoorIN_bl 

P_ACC_is_CCFM_RolBckIN_bl 

P_ACC_is_CCFM_SSOCStfdIN_bl 

P_ACC_is_CCFM_SafyBltStsIN_bl 

P_ACC_is_CCFM_ShftPosBtIN_bl 

P_ACC_is_CCFM_ShftPosNeIN_bl 

P_ACC_is_CCFM_ShftPosPkIN_bl 

P_ACC_is_CCFM_ShftPosReIN_bl 

P_ACC_is_CCFM_ShftPosUkIN_bl 

P_ACC_is_CCFM_TCSActvEnIN_bl 

P_ACC_is_CCFM_TCSActvIN_bl 

P_ACC_is_CCFM_TCSOpMdOffIN_bl 

P_ACC_is_CCFM_TCSStsFltIN_bl 

P_ACC_is_CCFM_ToqRepLArbEnIN_bl 

P_ACC_is_CCFM_ToqRepPCndEnIN_bl 

P_ACC_is_CCFM_ToqRespErrIN_bl 

P_ACC_is_CCFM_ToqRespLArbIN_bl 

P_ACC_is_CCFM_ToqRespNReqIN_bl 

P_ACC_is_CCFM_ToqRespPCndIN_bl 

P_ACC_is_CCFM_TrCCCanclIN_bl 

P_ACC_is_CCFM_VSEActvEnIN_bl 

P_ACC_is_CCFM_VSEActvIN_bl 

P_ACC_is_CCFM_VSEMdOffIN_bl 

P_ACC_is_CCFM_VSEStsFltIN_bl 

P_ACC_is_CCFM_VehSdslIN_bl 

P_ACC_is_CCFM_VehSpdOvrIN_bl 

P_ACC_is_FullGasPdlExitEnbl_bl 

P_ACC_is_HMIDISMemSpdChgEnBrkO_bl 

P_ACC_is_HMIDISMemSpdChgEnSdby_bl 

P_ACC_is_HMIDISMemSpdChgEnStslW_bl 

P_ACC_is_HMIDISSetSpdChgEnOvrd_bl 

P_ACC_is_HMIDISSetSpdChgEnStslA_bl 

P_ACC_is_HMIDISSetSpdSetEnOvrd_bl 

P_ACC_is_HMIDISSetSpdSetEnStslA_bl 

P_ACC_is_HMIRSMActvFstStdByConfig_bl 

P_ACC_is_HMIResumeIncSpdConfig_bl 

P_ACC_is_HMISETDecSpdConfig_bl 

P_ACC_is_HMITJAMaxSpdConfigOpn_bl 

P_ACC_is_SMRTgtLosPrtctWarnOn_bl 

P_ACC_is_VIDPConfgACCIn_bl 

P_ACC_is_VIDPIPKSpdUseEstdVal_bl 

P_ADS_is_EnASSStaConfig_bl 

P_ADS_is_EngTypIsMotorConfig_bl 

P_DFIn_is_CCFM_BntStsStdstlExit_bl 

P_DFIn_is_CCFM_FrDoorStdstlExit_bl 

P_DFIn_is_CCFM_LdSpcStsStdstlExit_bl 

P_DFIn_is_CCFM_RLDoorStdstlExit_bl 

P_DFIn_is_CCFM_RRDoorStdstlExit_bl 

k_TRPLon_is_FTCBMDsrdDistMdOn_bl 

k_TRPLon_is_UsePrdctTime_bl 

k_TRPLon_is_Use_dst_target_bl 

k_TRPLon_is_UsedDesire0_bl 

k_TRPLon_is_UsedDesire1_bl 

P_ACC_V_HMIMinCrsSetSpd_u8 

P_ACC_V_HMISETBtnDecMax_u8 

P_ACC_V_MaxACCActvSpd_u8 

P_ACC_V_MinCrsSpd_u8 

P_ACC_indx_HMIDISSpdSwChgRng_u8 

P_ACC_indx_HMIIniCruzTmDist_u8 

P_ACC_v_HMIMinCrsSpdThrs_u8 

P_ACC_v_SMRMinCrsSpdThrs_u8 

longt_out_drvrSetIPKSpdV
m_VehCP_T_ChLKARespToq_sg
m_VehCP_T_DrvrStrgDlvrdToq_sg
m_VehCP_yr_VehDynYawRate_sg
m_VehCP_angD_StrgWhlAng_sg
m_VehCP_V_VehSpdAvgDrvn_sg
m_VehCP_W_StrgWhlAngGrd_sg
longt_out_desAccelCtrlCmd
YRC_angD_ReqStrgWhlAng_sg
mpc_plan_desCurve
m_dst_target
m_dst_red
m_dst_desire
m_TRP_Replan_Level_Dis
m_TRP_Replan_Level_Spd
m_FSM_sts_ACCSMRSts_en
longt_out_drvrSetTmDistLvl
m_VehCP_LeftBSD_Warnning_u8
m_VehCP_RightBSD_Warnning_u8
m_VehCP_n_ChLKACtrlSts_u8
m_VehCP_n_StrgCustSetngDspCmd_u8
FVCM_EPS_Frame
FVCM_HMI_Frame
m_Followed_Traj
long_out_isLeadVehDtct
m_ACC_is_FSMEnbl01_bl
m_ACC_is_FSMEnbl02_bl
m_ACC_is_FSMEnbl03_bl
m_ACC_is_VehSdslSts_bl
m_ACC_is_SafyBltFstn_bl
m_ACC_is_FSMEnbl04_bl
m_ACC_is_FSMEnbl05_bl
m_ACC_is_FSMEnbl06_bl
m_ACC_is_FSMEnbl07_bl
m_ACC_is_ACCFSMEnbl_bl
m_ACC_is_SSMEnbl01_bl
m_ACC_is_ACCSSMEnbl_bl
m_ACC_is_FSMDsbl01_bl
m_ACC_is_ACCActvGeneral_bl
m_ACC_is_ACCOvrrdReq_bl
m_ACC_is_FSMDsbl02_bl
m_ACC_is_FSMDsbl03_bl
m_ACC_is_FSMDsbl04_bl
m_ACC_is_FSMDsbl05_bl
m_ACC_is_FSMDsbl06_bl
m_ACC_is_FSMDsbl07_bl
m_ACC_is_ACCFSMDsbl_bl
m_ACC_is_SSMDsbl01_bl
m_ACC_is_ACCSSMDsbl_bl
m_ACC_is_ACCReqDsbl_bl
m_ACC_is_ACCReqEnbl_bl
m_ACC_is_BrkOnlyEnbl_bl
m_ACC_is_BrkOnlyExit_bl
m_VehCP_is_LftStrgLmpOn_bl
m_VehCP_is_RghtStrgLmpOn_bl
longt_out_isCtrlEngage
m_ACC_is_AEBActvEver_bl
Arb_is_LatCtrlActv_bl
m_is_ACC_FaultBitlhbt_bl
app_DW.tp_Stop
